<?xml version="1.0" encoding="UTF-8"?>
<testsuites>
  <testsuite name="My Login application" timestamp="2022-03-11T09:58:08" time="8.027" tests="1" failures="0" errors="0" skipped="0">
    <properties>
      <property name="specId" value="0"/>
      <property name="suiteName" value="My Login application"/>
      <property name="capabilities" value="edge.99_0_1150_36.win32"/>
      <property name="file" value=".\test\specs\example.e2e.js"/>
    </properties>
    <testcase classname="edge.99_0_1150_36.win32.My_Login_application" name="should visit a page" time="8.025">
      <system-out><![CDATA[
COMMAND: navigateTo - {"url":"http://localhost:3000/"}
RESULT: undefined
COMMAND: findElement - {"using":"css selector","value":"input[name=title]"}
RESULT: undefined
COMMAND: findElement - {"using":"css selector","value":"input[name=description]"}
RESULT: undefined
COMMAND: findElement - {"using":"css selector","value":"button"}
RESULT: undefined
COMMAND: elementClear - {"elementId":"ELEMENT-1"}
RESULT: undefined
COMMAND: elementSendKeys - {"elementId":"ELEMENT-1","text":"Title test"}
RESULT: undefined
COMMAND: elementClear - {"elementId":"ELEMENT-2"}
RESULT: undefined
COMMAND: elementSendKeys - {"elementId":"ELEMENT-2","text":"Description test"}
RESULT: undefined
COMMAND: elementClick - {"elementId":"ELEMENT-3"}
RESULT: undefined
COMMAND: findElement - {"using":"css selector","value":".post"}
RESULT: undefined
COMMAND: findElements - {"using":"css selector","value":".post"}
RESULT: undefined
COMMAND: findElements - {"using":"css selector","value":".post"}
RESULT: undefined
COMMAND: findElements - {"using":"css selector","value":".post"}
RESULT: undefined
COMMAND: findElements - {"using":"css selector","value":".post"}
RESULT: undefined
COMMAND: findElements - {"using":"css selector","value":".post"}
RESULT: undefined
COMMAND: findElements - {"using":"css selector","value":".post"}
RESULT: undefined
COMMAND: findElements - {"using":"css selector","value":".post"}
RESULT: undefined
COMMAND: findElements - {"using":"css selector","value":".post"}
RESULT: undefined
COMMAND: findElements - {"using":"css selector","value":".post"}
RESULT: undefined
COMMAND: findElements - {"using":"css selector","value":".post"}
RESULT: undefined
COMMAND: findElements - {"using":"css selector","value":".post"}
RESULT: undefined
COMMAND: findElements - {"using":"css selector","value":".post"}
RESULT: undefined
COMMAND: findElements - {"using":"css selector","value":".post"}
RESULT: undefined
COMMAND: findElements - {"using":"css selector","value":".post"}
RESULT: undefined
COMMAND: findElement - {"using":"css selector","value":".post"}
RESULT: undefined
COMMAND: findElementFromElement - {"elementId":"ELEMENT-5","using":"css selector","value":"h2"}
RESULT: undefined
COMMAND: executeScript - {"script":"return (function isElementDisplayed(element) {\n    function nodeIsElement(node) {\n        if (!node) {\n            return false;\n        }\n        switch (node.nodeType) {\n            case Node.ELEMEN ... (7762 more bytes)","args":[{"element-6066-11e4-a52e-4f735466cecf":"ELEMENT-6","ELEMENT":"ELEMENT-6"}]}
RESULT: undefined
COMMAND: getElementText - {"elementId":"ELEMENT-6"}
RESULT: undefined
COMMAND: deleteSession - {}
RESULT: undefined
]]></system-out>
    </testcase>
  </testsuite>
</testsuites>